<?xml version="1.0" encoding="UTF-8"?>
<testng-results ignored="0" total="1" passed="1" failed="0" skipped="0">
  <reporter-output>
  </reporter-output>
  <suite started-at="2023-12-01T23:34:53Z" name="Suite" finished-at="2023-12-01T23:34:57Z" duration-ms="4168">
    <groups>
    </groups>
    <test started-at="2023-12-01T23:34:53Z" name="Test" finished-at="2023-12-01T23:34:57Z" duration-ms="4168">
      <class name="FrameworkAssignment.LoginTest">
        <test-method is-config="true" signature="setup()[pri:0, instance:FrameworkAssignment.LoginTest@186f8716]" started-at="2023-12-01T23:34:53Z" name="setup" finished-at="2023-12-01T23:34:56Z" duration-ms="3189" status="PASS">
          <reporter-output>
          </reporter-output>
        </test-method> <!-- setup -->
        <test-method signature="LoginSuccess()[pri:0, instance:FrameworkAssignment.LoginTest@186f8716]" started-at="2023-12-01T23:34:56Z" name="LoginSuccess" finished-at="2023-12-01T23:34:57Z" duration-ms="863" status="PASS">
          <reporter-output>
          </reporter-output>
        </test-method> <!-- LoginSuccess -->
        <test-method is-config="true" signature="teardown()[pri:0, instance:FrameworkAssignment.LoginTest@186f8716]" started-at="2023-12-01T23:34:57Z" name="teardown" finished-at="2023-12-01T23:34:57Z" duration-ms="93" status="PASS">
          <reporter-output>
          </reporter-output>
        </test-method> <!-- teardown -->
      </class> <!-- FrameworkAssignment.LoginTest -->
    </test> <!-- Test -->
  </suite> <!-- Suite -->
</testng-results>
